#
# A fatal error has been detected by the Java Runtime Environment:
#
#  EXCEPTION_ACCESS_VIOLATION (0xc0000005) at pc=0x00007ffd92a93380, pid=7132, tid=5836
#
# JRE version: Java(TM) SE Runtime Environment (20.0.1+9) (build 20.0.1+9-29)
# Java VM: Java HotSpot(TM) 64-Bit Server VM (20.0.1+9-29, mixed mode, sharing, tiered, compressed oops, compressed class ptrs, g1 gc, windows-amd64)
# Problematic frame:
# C  [ig12icd64.dll+0x2f3380]
#
# No core dump will be written. Minidumps are not enabled by default on client versions of Windows
#
# If you would like to submit a bug report, please visit:
#   https://bugreport.java.com/bugreport/crash.jsp
#

---------------  S U M M A R Y ------------

Command Line: --enable-preview -XX:+ShowCodeDetailsInExceptionMessages Main

Host: 11th Gen Intel(R) Core(TM) i7-1195G7 @ 2.90GHz, 8 cores, 15G,  Windows 11 , 64 bit Build 22621 (10.0.22621.1635)
Time: Mon Jun  5 07:47:56 2023 Eastern Daylight Time elapsed time: 4.822711 seconds (0d 0h 0m 4s)

---------------  T H R E A D  ---------------

Current thread (0x000001e7c4c110a0):  VMThread "VM Thread" [stack: 0x000000bf6c000000,0x000000bf6c100000] [id=5836]

Stack: [0x000000bf6c000000,0x000000bf6c100000],  sp=0x000000bf6c0fe7e0,  free space=1017k
Native frames: (J=compiled Java code, j=interpreted, Vv=VM code, C=native code)
C  [ig12icd64.dll+0x2f3380]


siginfo: EXCEPTION_ACCESS_VIOLATION (0xc0000005), reading address 0x00000000000353c8


Registers:
RAX=0x000001e7ca87b7e0, RBX=0x0000000000000000, RCX=0x0000000000000001, RDX=0x000001e7ca87b7a0
RSP=0x000000bf6c0fe7e0, RBP=0x0000000000000016, RSI=0x000001e7c930c3a0, RDI=0x0000000000000000
R8 =0x00000000000005a0, R9 =0x0000000000000000, R10=0x000001e7ca87bbe8, R11=0x0000000000000246
R12=0x0000000000000001, R13=0x0000000000000000, R14=0x000001e7ca87b6d0, R15=0x0000000000000000
RIP=0x00007ffd92a93380, EFLAGS=0x0000000000010202


Register to memory mapping:

RIP=0x00007ffd92a93380 ig12icd64.dll
RAX=0x000001e7ca87b7e0 points into unknown readable memory: 0x00000000000005a8 | a8 05 00 00 00 00 00 00
RBX=0x0 is NULL
RCX=0x0000000000000001 is an unknown value
RDX=0x000001e7ca87b7a0 points into unknown readable memory: 0x0000000000000000 | 00 00 00 00 00 00 00 00
RSP=0x000000bf6c0fe7e0 points into unknown readable memory: 0x000001e7c9349830 | 30 98 34 c9 e7 01 00 00
RBP=0x0000000000000016 is an unknown value
RSI=0x000001e7c930c3a0 points into unknown readable memory: 0x00007ffe2d3b8e00 | 00 8e 3b 2d fe 7f 00 00
RDI=0x0 is NULL
R8 =0x00000000000005a0 is an unknown value
R9 =0x0 is NULL
R10=0x000001e7ca87bbe8 points into unknown readable memory: 0x000001e7c93f0b10 | 10 0b 3f c9 e7 01 00 00
R11=0x0000000000000246 is an unknown value
R12=0x0000000000000001 is an unknown value
R13=0x0 is NULL
R14=0x000001e7ca87b6d0 points into unknown readable memory: 0x000001e7c93c7840 | 40 78 3c c9 e7 01 00 00
R15=0x0 is NULL


Top of Stack: (sp=0x000000bf6c0fe7e0)
0x000000bf6c0fe7e0:   000001e7c9349830 0000000000000000
0x000000bf6c0fe7f0:   0000000000000054 0000000000000000
0x000000bf6c0fe800:   a7c5025d44c30263 000001e7c9349830
0x000000bf6c0fe810:   000001e7ca87bbe8 0bf2023ee2f00294
0x000000bf6c0fe820:   0000014000060284 000001e7ca5435b8
0x000000bf6c0fe830:   00000000000005a9 0000000000000000
0x000000bf6c0fe840:   000000000000000e 0000000000000000
0x000000bf6c0fe850:   0000000000000000 000000bf6c0fe970
0x000000bf6c0fe860:   000001e7c930c3a0 00007ffd928f75ee
0x000000bf6c0fe870:   000001e700000016 000001e7c93f0b10
0x000000bf6c0fe880:   000001b0b7e90200 00007ffe2eb4d800
0x000000bf6c0fe890:   000000bf00000650 00007404013c0000
0x000000bf6c0fe8a0:   0000000000000000 00007ffe2eb4d474
0x000000bf6c0fe8b0:   000001e7a33c0b28 00000000000000c0
0x000000bf6c0fe8c0:   000001e7a33c0b40 000001e7a33c0afc
0x000000bf6c0fe8d0:   000000bf6c0fe9e8 00007ffd92a5fd50
0x000000bf6c0fe8e0:   000000bf6b524000 00007ffe2eb4d8d6
0x000000bf6c0fe8f0:   000001e7a33b0000 0000000000000002
0x000000bf6c0fe900:   0000000200000101 0000000000000000
0x000000bf6c0fe910:   00007ffe2eb99790 00007ffd928326a9
0x000000bf6c0fe920:   00007404013c0000 0000000000000650
0x000000bf6c0fe930:   0000000000000000 4000254000000001
0x000000bf6c0fe940:   0000000000000000 0000000000000000
0x000000bf6c0fe950:   0000000000000000 0000000000000000
0x000000bf6c0fe960:   0000000000000000 0000000000000000
0x000000bf6c0fe970:   0000000000000000 0000000000000000
0x000000bf6c0fe980:   0000000000000000 0000000000000000
0x000000bf6c0fe990:   0000000000000000 0000000000000000
0x000000bf6c0fe9a0:   0000000000000000 0000000000000000
0x000000bf6c0fe9b0:   0000000000000000 0000000000000000
0x000000bf6c0fe9c0:   0000000000000000 0000000000000000
0x000000bf6c0fe9d0:   0000000000000000 0000000000000000 

Instructions: (pc=0x00007ffd92a93380)
0x00007ffd92a93280:   00 00 00 41 bf 10 00 00 00 48 8b 04 f8 4d 8b 3c
0x00007ffd92a93290:   07 40 8a bc 24 a0 00 00 00 4c 3b 3d f0 16 bd 00
0x00007ffd92a932a0:   41 0f 44 e8 89 ac 24 90 00 00 00 48 85 c9 0f 84
0x00007ffd92a932b0:   76 07 00 00 33 db 44 8d 63 01 4c 8b f1 4c 8d 91
0x00007ffd92a932c0:   18 05 00 00 4c 89 54 24 30 49 8b 02 48 89 84 24
0x00007ffd92a932d0:   98 00 00 00 40 84 ff 74 10 48 8b d1 48 8b 09 e8
0x00007ffd92a932e0:   5c 84 e6 ff e9 ef 06 00 00 8b 8e d0 01 00 00 48
0x00007ffd92a932f0:   8b 05 aa 24 ad 00 83 b8 54 03 00 00 02 0f 85 ca
0x00007ffd92a93300:   01 00 00 49 8d 96 d0 00 00 00 83 f9 10 73 04 8b
0x00007ffd92a93310:   c1 eb 52 44 8d 41 f0 41 8b c0 c1 e8 04 83 f8 03
0x00007ffd92a93320:   73 20 0f ae e8 41 83 e0 0f 4c 8b 8c c2 00 04 00
0x00007ffd92a93330:   00 4d 85 c9 74 22 41 8b c0 48 c1 e0 06 49 03 c1
0x00007ffd92a93340:   eb 2a 48 8b 82 18 04 00 00 eb 08 39 08 74 28 48
0x00007ffd92a93350:   8b 40 48 48 85 c0 75 f3 38 9a 20 04 00 00 74 1d
0x00007ffd92a93360:   8b c1 83 e0 0f 48 c1 e0 06 48 03 c2 48 85 c0 74
0x00007ffd92a93370:   0c 4c 8b 40 08 eb 09 48 83 c0 08 eb ef 4c 8b c3
0x00007ffd92a93380:   4d 3b 87 c8 53 03 00 0f 86 40 01 00 00 83 f9 10
0x00007ffd92a93390:   73 05 48 8b c1 eb 52 44 8d 41 f0 41 8b c0 c1 e8
0x00007ffd92a933a0:   04 83 f8 03 73 20 0f ae e8 41 83 e0 0f 4c 8b 8c
0x00007ffd92a933b0:   c2 00 04 00 00 4d 85 c9 74 22 41 8b c0 48 c1 e0
0x00007ffd92a933c0:   06 49 03 c1 eb 2a 48 8b 82 18 04 00 00 eb 08 39
0x00007ffd92a933d0:   08 74 28 48 8b 40 48 48 85 c0 75 f3 38 9a 20 04
0x00007ffd92a933e0:   00 00 74 1d 8b c1 83 e0 0f 48 c1 e0 06 48 03 c2
0x00007ffd92a933f0:   48 85 c0 74 0c 48 8b 48 08 eb 09 48 83 c0 08 eb
0x00007ffd92a93400:   ef 48 8b cb 49 3b 8e 70 05 00 00 0f 86 bc 00 00
0x00007ffd92a93410:   00 48 8b 86 80 02 00 00 49 89 02 4c 89 b6 80 02
0x00007ffd92a93420:   00 00 44 01 a6 88 02 00 00 49 8b 4e 08 48 8b 01
0x00007ffd92a93430:   41 8b d4 48 8b 80 d8 02 00 00 ff 15 c8 a1 79 00
0x00007ffd92a93440:   0f b7 c8 48 2b c1 48 05 00 00 01 00 48 01 86 90
0x00007ffd92a93450:   02 00 00 49 8b 4e 08 48 8b 01 41 8b d4 48 8b 80
0x00007ffd92a93460:   d8 02 00 00 ff 15 9e a1 79 00 48 01 86 a0 02 00
0x00007ffd92a93470:   00 85 ed 74 50 ba 04 04 00 00 49 8b 8f c8 4c 03 


Stack slot to memory mapping:
stack at sp + 0 slots: 0x000001e7c9349830 points into unknown readable memory: 0xffffffffffffffff | ff ff ff ff ff ff ff ff
stack at sp + 1 slots: 0x0 is NULL
stack at sp + 2 slots: 0x0000000000000054 is an unknown value
stack at sp + 3 slots: 0x0 is NULL
stack at sp + 4 slots: 0xa7c5025d44c30263 is an unknown value
stack at sp + 5 slots: 0x000001e7c9349830 points into unknown readable memory: 0xffffffffffffffff | ff ff ff ff ff ff ff ff
stack at sp + 6 slots: 0x000001e7ca87bbe8 points into unknown readable memory: 0x000001e7c93f0b10 | 10 0b 3f c9 e7 01 00 00
stack at sp + 7 slots: 0x0bf2023ee2f00294 is an unknown value

VM_Operation (0x000000bf6d3fe590): Exit, mode: safepoint, requested by thread 0x000001e7ca7dc640


---------------  P R O C E S S  ---------------

Threads class SMR info:
_java_thread_list=0x000001e7d289fa40, length=16, elements={
0x000001e7c4c2f990, 0x000001e7c4c30670, 0x000001e7c4c356f0, 0x000001e7c4c38230,
0x000001e7c4c38e00, 0x000001e7c4c3b110, 0x000001e7c4c3c600, 0x000001e7c4c45130,
0x000001e7c90fbac0, 0x000001e7c912b8e0, 0x000001e7c934cdf0, 0x000001e7ca783290,
0x000001e7c93d56c0, 0x000001e7ca7dc640, 0x000001e7ca8448c0, 0x000001e7a5786e10
}

Java Threads: ( => current thread )
  0x000001e7c4c2f990 JavaThread "Reference Handler" daemon [_thread_blocked, id=14176, stack(0x000000bf6c100000,0x000000bf6c200000)]
  0x000001e7c4c30670 JavaThread "Finalizer" daemon [_thread_blocked, id=8556, stack(0x000000bf6c200000,0x000000bf6c300000)]
  0x000001e7c4c356f0 JavaThread "Signal Dispatcher" daemon [_thread_blocked, id=5800, stack(0x000000bf6c300000,0x000000bf6c400000)]
  0x000001e7c4c38230 JavaThread "Attach Listener" daemon [_thread_blocked, id=6456, stack(0x000000bf6c400000,0x000000bf6c500000)]
  0x000001e7c4c38e00 JavaThread "Service Thread" daemon [_thread_blocked, id=10088, stack(0x000000bf6c500000,0x000000bf6c600000)]
  0x000001e7c4c3b110 JavaThread "Monitor Deflation Thread" daemon [_thread_blocked, id=10444, stack(0x000000bf6c600000,0x000000bf6c700000)]
  0x000001e7c4c3c600 JavaThread "C2 CompilerThread0" daemon [_thread_blocked, id=8448, stack(0x000000bf6c700000,0x000000bf6c800000)]
  0x000001e7c4c45130 JavaThread "C1 CompilerThread0" daemon [_thread_blocked, id=9116, stack(0x000000bf6c800000,0x000000bf6c900000)]
  0x000001e7c90fbac0 JavaThread "Notification Thread" daemon [_thread_blocked, id=18092, stack(0x000000bf6c900000,0x000000bf6ca00000)]
  0x000001e7c912b8e0 JavaThread "Common-Cleaner" daemon [_thread_blocked, id=18008, stack(0x000000bf6cb00000,0x000000bf6cc00000)]
  0x000001e7c934cdf0 JavaThread "Java2D Queue Flusher" daemon [_thread_blocked, id=16064, stack(0x000000bf6cc00000,0x000000bf6cd00000)]
  0x000001e7ca783290 JavaThread "Java2D Disposer" daemon [_thread_blocked, id=18328, stack(0x000000bf6d000000,0x000000bf6d100000)]
  0x000001e7c93d56c0 JavaThread "AWT-Shutdown" [_thread_blocked, id=14480, stack(0x000000bf6d100000,0x000000bf6d200000)]
  0x000001e7ca7dc640 JavaThread "AWT-EventQueue-0" [_thread_blocked, id=828, stack(0x000000bf6d300000,0x000000bf6d400000)]
  0x000001e7ca8448c0 JavaThread "Thread-0" [_thread_blocked, id=6464, stack(0x000000bf6d400000,0x000000bf6d500000)]
  0x000001e7a5786e10 JavaThread "DestroyJavaVM" [_thread_blocked, id=15712, stack(0x000000bf6ba00000,0x000000bf6bb00000)]

Other Threads:
=>0x000001e7c4c110a0 VMThread "VM Thread" [stack: 0x000000bf6c000000,0x000000bf6c100000] [id=5836]
  0x000001e7a57f8b30 WorkerThread "GC Thread#0" [stack: 0x000000bf6bb00000,0x000000bf6bc00000] [id=10112]
  0x000001e7a5809610 ConcurrentGCThread "G1 Main Marker" terminated
  0x000001e7a580a340 WorkerThread "G1 Conc#0" [stack: 0x000000bf6bd00000,0x000000bf6be00000] [id=5052]
  0x000001e7a584eba0 ConcurrentGCThread "G1 Refine#0" terminated
  0x000001e7c4ad2740 ConcurrentGCThread "G1 Service" terminated

Threads with active compile tasks:

VM state: at safepoint (shutting down)

VM Mutex/Monitor currently owned by a thread:  ([mutex/lock_event])
[0x000001e7a5783050] Threads_lock - owner thread: 0x000001e7c4c110a0
[0x000001e7a57842e0] Heap_lock - owner thread: 0x000001e7ca7dc640

Heap address: 0x0000000704a00000, size: 4022 MB, Compressed Oops mode: Zero based, Oop shift amount: 3

CDS archive(s) mapped at: [0x0000000800000000-0x0000000800c60000-0x0000000800c60000), size 12976128, SharedBaseAddress: 0x0000000800000000, ArchiveRelocationMode: 0.
Compressed class space mapped at: 0x0000000801000000-0x0000000841000000, reserved size: 1073741824
Narrow klass base: 0x0000000800000000, Narrow klass shift: 0, Narrow klass range: 0x100000000

GC Precious Log:
 CardTable entry size: 512
 Card Set container configuration: InlinePtr #cards 4 size 8 Array Of Cards #cards 16 size 48 Howl #buckets 8 coarsen threshold 3686 Howl Bitmap #cards 512 size 80 coarsen threshold 460 Card regions per heap region 1 cards per card region 4096
 CPUs: 8 total, 8 available
 Memory: 16085M
 Large Page Support: Disabled
 NUMA Support: Disabled
 Compressed Oops: Enabled (Zero based)
 Heap Region Size: 2M
 Heap Min Capacity: 8M
 Heap Initial Capacity: 252M
 Heap Max Capacity: 4022M
 Pre-touch: Disabled
 Parallel Workers: 8
 Concurrent Workers: 2
 Concurrent Refinement Workers: 8
 Periodic GC: Disabled

Heap:
 garbage-first heap   total 258048K, used 14336K [0x0000000704a00000, 0x0000000800000000)
  region size 2048K, 4 young (8192K), 0 survivors (0K)
 Metaspace       used 6130K, committed 6272K, reserved 1114112K
  class space    used 676K, committed 768K, reserved 1048576K

Heap Regions: E=young(eden), S=young(survivor), O=old, HS=humongous(starts), HC=humongous(continues), CS=collection set, F=free, OA=open archive, CA=closed archive, TAMS=top-at-mark-start, PB=parsable bottom
|   0|0x0000000704a00000, 0x0000000704c00000, 0x0000000704c00000|100%|HS|  |TAMS 0x0000000704a00000| PB 0x0000000704a00000| Complete 
|   1|0x0000000704c00000, 0x0000000704e00000, 0x0000000704e00000|100%|HC|  |TAMS 0x0000000704c00000| PB 0x0000000704c00000| Complete 
|   2|0x0000000704e00000, 0x0000000705000000, 0x0000000705000000|100%|HS|  |TAMS 0x0000000704e00000| PB 0x0000000704e00000| Complete 
|   3|0x0000000705000000, 0x0000000705200000, 0x0000000705200000|100%|HC|  |TAMS 0x0000000705000000| PB 0x0000000705000000| Complete 
|   4|0x0000000705200000, 0x0000000705200000, 0x0000000705400000|  0%| F|  |TAMS 0x0000000705200000| PB 0x0000000705200000| Untracked 
|   5|0x0000000705400000, 0x0000000705400000, 0x0000000705600000|  0%| F|  |TAMS 0x0000000705400000| PB 0x0000000705400000| Untracked 
|   6|0x0000000705600000, 0x0000000705600000, 0x0000000705800000|  0%| F|  |TAMS 0x0000000705600000| PB 0x0000000705600000| Untracked 
|   7|0x0000000705800000, 0x0000000705800000, 0x0000000705a00000|  0%| F|  |TAMS 0x0000000705800000| PB 0x0000000705800000| Untracked 
|   8|0x0000000705a00000, 0x0000000705a00000, 0x0000000705c00000|  0%| F|  |TAMS 0x0000000705a00000| PB 0x0000000705a00000| Untracked 
|   9|0x0000000705c00000, 0x0000000705c00000, 0x0000000705e00000|  0%| F|  |TAMS 0x0000000705c00000| PB 0x0000000705c00000| Untracked 
|  10|0x0000000705e00000, 0x0000000705e00000, 0x0000000706000000|  0%| F|  |TAMS 0x0000000705e00000| PB 0x0000000705e00000| Untracked 
|  11|0x0000000706000000, 0x0000000706000000, 0x0000000706200000|  0%| F|  |TAMS 0x0000000706000000| PB 0x0000000706000000| Untracked 
|  12|0x0000000706200000, 0x0000000706200000, 0x0000000706400000|  0%| F|  |TAMS 0x0000000706200000| PB 0x0000000706200000| Untracked 
|  13|0x0000000706400000, 0x0000000706400000, 0x0000000706600000|  0%| F|  |TAMS 0x0000000706400000| PB 0x0000000706400000| Untracked 
|  14|0x0000000706600000, 0x0000000706600000, 0x0000000706800000|  0%| F|  |TAMS 0x0000000706600000| PB 0x0000000706600000| Untracked 
|  15|0x0000000706800000, 0x0000000706800000, 0x0000000706a00000|  0%| F|  |TAMS 0x0000000706800000| PB 0x0000000706800000| Untracked 
|  16|0x0000000706a00000, 0x0000000706a00000, 0x0000000706c00000|  0%| F|  |TAMS 0x0000000706a00000| PB 0x0000000706a00000| Untracked 
|  17|0x0000000706c00000, 0x0000000706c00000, 0x0000000706e00000|  0%| F|  |TAMS 0x0000000706c00000| PB 0x0000000706c00000| Untracked 
|  18|0x0000000706e00000, 0x0000000706e00000, 0x0000000707000000|  0%| F|  |TAMS 0x0000000706e00000| PB 0x0000000706e00000| Untracked 
|  19|0x0000000707000000, 0x0000000707000000, 0x0000000707200000|  0%| F|  |TAMS 0x0000000707000000| PB 0x0000000707000000| Untracked 
|  20|0x0000000707200000, 0x0000000707200000, 0x0000000707400000|  0%| F|  |TAMS 0x0000000707200000| PB 0x0000000707200000| Untracked 
|  21|0x0000000707400000, 0x0000000707400000, 0x0000000707600000|  0%| F|  |TAMS 0x0000000707400000| PB 0x0000000707400000| Untracked 
|  22|0x0000000707600000, 0x0000000707600000, 0x0000000707800000|  0%| F|  |TAMS 0x0000000707600000| PB 0x0000000707600000| Untracked 
|  23|0x0000000707800000, 0x0000000707800000, 0x0000000707a00000|  0%| F|  |TAMS 0x0000000707800000| PB 0x0000000707800000| Untracked 
|  24|0x0000000707a00000, 0x0000000707a00000, 0x0000000707c00000|  0%| F|  |TAMS 0x0000000707a00000| PB 0x0000000707a00000| Untracked 
|  25|0x0000000707c00000, 0x0000000707c00000, 0x0000000707e00000|  0%| F|  |TAMS 0x0000000707c00000| PB 0x0000000707c00000| Untracked 
|  26|0x0000000707e00000, 0x0000000707e00000, 0x0000000708000000|  0%| F|  |TAMS 0x0000000707e00000| PB 0x0000000707e00000| Untracked 
|  27|0x0000000708000000, 0x0000000708000000, 0x0000000708200000|  0%| F|  |TAMS 0x0000000708000000| PB 0x0000000708000000| Untracked 
|  28|0x0000000708200000, 0x0000000708200000, 0x0000000708400000|  0%| F|  |TAMS 0x0000000708200000| PB 0x0000000708200000| Untracked 
|  29|0x0000000708400000, 0x0000000708400000, 0x0000000708600000|  0%| F|  |TAMS 0x0000000708400000| PB 0x0000000708400000| Untracked 
|  30|0x0000000708600000, 0x0000000708600000, 0x0000000708800000|  0%| F|  |TAMS 0x0000000708600000| PB 0x0000000708600000| Untracked 
|  31|0x0000000708800000, 0x0000000708800000, 0x0000000708a00000|  0%| F|  |TAMS 0x0000000708800000| PB 0x0000000708800000| Untracked 
|  32|0x0000000708a00000, 0x0000000708a00000, 0x0000000708c00000|  0%| F|  |TAMS 0x0000000708a00000| PB 0x0000000708a00000| Untracked 
|  33|0x0000000708c00000, 0x0000000708c00000, 0x0000000708e00000|  0%| F|  |TAMS 0x0000000708c00000| PB 0x0000000708c00000| Untracked 
|  34|0x0000000708e00000, 0x0000000708e00000, 0x0000000709000000|  0%| F|  |TAMS 0x0000000708e00000| PB 0x0000000708e00000| Untracked 
|  35|0x0000000709000000, 0x0000000709000000, 0x0000000709200000|  0%| F|  |TAMS 0x0000000709000000| PB 0x0000000709000000| Untracked 
|  36|0x0000000709200000, 0x0000000709200000, 0x0000000709400000|  0%| F|  |TAMS 0x0000000709200000| PB 0x0000000709200000| Untracked 
|  37|0x0000000709400000, 0x0000000709400000, 0x0000000709600000|  0%| F|  |TAMS 0x0000000709400000| PB 0x0000000709400000| Untracked 
|  38|0x0000000709600000, 0x0000000709600000, 0x0000000709800000|  0%| F|  |TAMS 0x0000000709600000| PB 0x0000000709600000| Untracked 
|  39|0x0000000709800000, 0x0000000709800000, 0x0000000709a00000|  0%| F|  |TAMS 0x0000000709800000| PB 0x0000000709800000| Untracked 
|  40|0x0000000709a00000, 0x0000000709a00000, 0x0000000709c00000|  0%| F|  |TAMS 0x0000000709a00000| PB 0x0000000709a00000| Untracked 
|  41|0x0000000709c00000, 0x0000000709c00000, 0x0000000709e00000|  0%| F|  |TAMS 0x0000000709c00000| PB 0x0000000709c00000| Untracked 
|  42|0x0000000709e00000, 0x0000000709e00000, 0x000000070a000000|  0%| F|  |TAMS 0x0000000709e00000| PB 0x0000000709e00000| Untracked 
|  43|0x000000070a000000, 0x000000070a000000, 0x000000070a200000|  0%| F|  |TAMS 0x000000070a000000| PB 0x000000070a000000| Untracked 
|  44|0x000000070a200000, 0x000000070a200000, 0x000000070a400000|  0%| F|  |TAMS 0x000000070a200000| PB 0x000000070a200000| Untracked 
|  45|0x000000070a400000, 0x000000070a400000, 0x000000070a600000|  0%| F|  |TAMS 0x000000070a400000| PB 0x000000070a400000| Untracked 
|  46|0x000000070a600000, 0x000000070a600000, 0x000000070a800000|  0%| F|  |TAMS 0x000000070a600000| PB 0x000000070a600000| Untracked 
|  47|0x000000070a800000, 0x000000070a800000, 0x000000070aa00000|  0%| F|  |TAMS 0x000000070a800000| PB 0x000000070a800000| Untracked 
|  48|0x000000070aa00000, 0x000000070aa00000, 0x000000070ac00000|  0%| F|  |TAMS 0x000000070aa00000| PB 0x000000070aa00000| Untracked 
|  49|0x000000070ac00000, 0x000000070ac00000, 0x000000070ae00000|  0%| F|  |TAMS 0x000000070ac00000| PB 0x000000070ac00000| Untracked 
|  50|0x000000070ae00000, 0x000000070ae00000, 0x000000070b000000|  0%| F|  |TAMS 0x000000070ae00000| PB 0x000000070ae00000| Untracked 
|  51|0x000000070b000000, 0x000000070b000000, 0x000000070b200000|  0%| F|  |TAMS 0x000000070b000000| PB 0x000000070b000000| Untracked 
|  52|0x000000070b200000, 0x000000070b200000, 0x000000070b400000|  0%| F|  |TAMS 0x000000070b200000| PB 0x000000070b200000| Untracked 
|  53|0x000000070b400000, 0x000000070b400000, 0x000000070b600000|  0%| F|  |TAMS 0x000000070b400000| PB 0x000000070b400000| Untracked 
|  54|0x000000070b600000, 0x000000070b600000, 0x000000070b800000|  0%| F|  |TAMS 0x000000070b600000| PB 0x000000070b600000| Untracked 
|  55|0x000000070b800000, 0x000000070b800000, 0x000000070ba00000|  0%| F|  |TAMS 0x000000070b800000| PB 0x000000070b800000| Untracked 
|  56|0x000000070ba00000, 0x000000070ba00000, 0x000000070bc00000|  0%| F|  |TAMS 0x000000070ba00000| PB 0x000000070ba00000| Untracked 
|  57|0x000000070bc00000, 0x000000070bc00000, 0x000000070be00000|  0%| F|  |TAMS 0x000000070bc00000| PB 0x000000070bc00000| Untracked 
|  58|0x000000070be00000, 0x000000070be00000, 0x000000070c000000|  0%| F|  |TAMS 0x000000070be00000| PB 0x000000070be00000| Untracked 
|  59|0x000000070c000000, 0x000000070c000000, 0x000000070c200000|  0%| F|  |TAMS 0x000000070c000000| PB 0x000000070c000000| Untracked 
|  60|0x000000070c200000, 0x000000070c200000, 0x000000070c400000|  0%| F|  |TAMS 0x000000070c200000| PB 0x000000070c200000| Untracked 
|  61|0x000000070c400000, 0x000000070c400000, 0x000000070c600000|  0%| F|  |TAMS 0x000000070c400000| PB 0x000000070c400000| Untracked 
|  62|0x000000070c600000, 0x000000070c600000, 0x000000070c800000|  0%| F|  |TAMS 0x000000070c600000| PB 0x000000070c600000| Untracked 
|  63|0x000000070c800000, 0x000000070c800000, 0x000000070ca00000|  0%| F|  |TAMS 0x000000070c800000| PB 0x000000070c800000| Untracked 
|  64|0x000000070ca00000, 0x000000070ca00000, 0x000000070cc00000|  0%| F|  |TAMS 0x000000070ca00000| PB 0x000000070ca00000| Untracked 
|  65|0x000000070cc00000, 0x000000070cc00000, 0x000000070ce00000|  0%| F|  |TAMS 0x000000070cc00000| PB 0x000000070cc00000| Untracked 
|  66|0x000000070ce00000, 0x000000070ce00000, 0x000000070d000000|  0%| F|  |TAMS 0x000000070ce00000| PB 0x000000070ce00000| Untracked 
|  67|0x000000070d000000, 0x000000070d000000, 0x000000070d200000|  0%| F|  |TAMS 0x000000070d000000| PB 0x000000070d000000| Untracked 
|  68|0x000000070d200000, 0x000000070d200000, 0x000000070d400000|  0%| F|  |TAMS 0x000000070d200000| PB 0x000000070d200000| Untracked 
|  69|0x000000070d400000, 0x000000070d400000, 0x000000070d600000|  0%| F|  |TAMS 0x000000070d400000| PB 0x000000070d400000| Untracked 
|  70|0x000000070d600000, 0x000000070d600000, 0x000000070d800000|  0%| F|  |TAMS 0x000000070d600000| PB 0x000000070d600000| Untracked 
|  71|0x000000070d800000, 0x000000070d800000, 0x000000070da00000|  0%| F|  |TAMS 0x000000070d800000| PB 0x000000070d800000| Untracked 
|  72|0x000000070da00000, 0x000000070da00000, 0x000000070dc00000|  0%| F|  |TAMS 0x000000070da00000| PB 0x000000070da00000| Untracked 
|  73|0x000000070dc00000, 0x000000070dc00000, 0x000000070de00000|  0%| F|  |TAMS 0x000000070dc00000| PB 0x000000070dc00000| Untracked 
|  74|0x000000070de00000, 0x000000070de00000, 0x000000070e000000|  0%| F|  |TAMS 0x000000070de00000| PB 0x000000070de00000| Untracked 
|  75|0x000000070e000000, 0x000000070e000000, 0x000000070e200000|  0%| F|  |TAMS 0x000000070e000000| PB 0x000000070e000000| Untracked 
|  76|0x000000070e200000, 0x000000070e200000, 0x000000070e400000|  0%| F|  |TAMS 0x000000070e200000| PB 0x000000070e200000| Untracked 
|  77|0x000000070e400000, 0x000000070e400000, 0x000000070e600000|  0%| F|  |TAMS 0x000000070e400000| PB 0x000000070e400000| Untracked 
|  78|0x000000070e600000, 0x000000070e600000, 0x000000070e800000|  0%| F|  |TAMS 0x000000070e600000| PB 0x000000070e600000| Untracked 
|  79|0x000000070e800000, 0x000000070e800000, 0x000000070ea00000|  0%| F|  |TAMS 0x000000070e800000| PB 0x000000070e800000| Untracked 
|  80|0x000000070ea00000, 0x000000070ea00000, 0x000000070ec00000|  0%| F|  |TAMS 0x000000070ea00000| PB 0x000000070ea00000| Untracked 
|  81|0x000000070ec00000, 0x000000070ec00000, 0x000000070ee00000|  0%| F|  |TAMS 0x000000070ec00000| PB 0x000000070ec00000| Untracked 
|  82|0x000000070ee00000, 0x000000070ee00000, 0x000000070f000000|  0%| F|  |TAMS 0x000000070ee00000| PB 0x000000070ee00000| Untracked 
|  83|0x000000070f000000, 0x000000070f000000, 0x000000070f200000|  0%| F|  |TAMS 0x000000070f000000| PB 0x000000070f000000| Untracked 
|  84|0x000000070f200000, 0x000000070f200000, 0x000000070f400000|  0%| F|  |TAMS 0x000000070f200000| PB 0x000000070f200000| Untracked 
|  85|0x000000070f400000, 0x000000070f400000, 0x000000070f600000|  0%| F|  |TAMS 0x000000070f400000| PB 0x000000070f400000| Untracked 
|  86|0x000000070f600000, 0x000000070f600000, 0x000000070f800000|  0%| F|  |TAMS 0x000000070f600000| PB 0x000000070f600000| Untracked 
|  87|0x000000070f800000, 0x000000070f800000, 0x000000070fa00000|  0%| F|  |TAMS 0x000000070f800000| PB 0x000000070f800000| Untracked 
|  88|0x000000070fa00000, 0x000000070fa00000, 0x000000070fc00000|  0%| F|  |TAMS 0x000000070fa00000| PB 0x000000070fa00000| Untracked 
|  89|0x000000070fc00000, 0x000000070fc00000, 0x000000070fe00000|  0%| F|  |TAMS 0x000000070fc00000| PB 0x000000070fc00000| Untracked 
|  90|0x000000070fe00000, 0x000000070fe00000, 0x0000000710000000|  0%| F|  |TAMS 0x000000070fe00000| PB 0x000000070fe00000| Untracked 
|  91|0x0000000710000000, 0x0000000710000000, 0x0000000710200000|  0%| F|  |TAMS 0x0000000710000000| PB 0x0000000710000000| Untracked 
|  92|0x0000000710200000, 0x0000000710200000, 0x0000000710400000|  0%| F|  |TAMS 0x0000000710200000| PB 0x0000000710200000| Untracked 
|  93|0x0000000710400000, 0x0000000710400000, 0x0000000710600000|  0%| F|  |TAMS 0x0000000710400000| PB 0x0000000710400000| Untracked 
|  94|0x0000000710600000, 0x0000000710600000, 0x0000000710800000|  0%| F|  |TAMS 0x0000000710600000| PB 0x0000000710600000| Untracked 
|  95|0x0000000710800000, 0x0000000710800000, 0x0000000710a00000|  0%| F|  |TAMS 0x0000000710800000| PB 0x0000000710800000| Untracked 
|  96|0x0000000710a00000, 0x0000000710a00000, 0x0000000710c00000|  0%| F|  |TAMS 0x0000000710a00000| PB 0x0000000710a00000| Untracked 
|  97|0x0000000710c00000, 0x0000000710c00000, 0x0000000710e00000|  0%| F|  |TAMS 0x0000000710c00000| PB 0x0000000710c00000| Untracked 
|  98|0x0000000710e00000, 0x0000000710e00000, 0x0000000711000000|  0%| F|  |TAMS 0x0000000710e00000| PB 0x0000000710e00000| Untracked 
|  99|0x0000000711000000, 0x0000000711000000, 0x0000000711200000|  0%| F|  |TAMS 0x0000000711000000| PB 0x0000000711000000| Untracked 
| 100|0x0000000711200000, 0x0000000711200000, 0x0000000711400000|  0%| F|  |TAMS 0x0000000711200000| PB 0x0000000711200000| Untracked 
| 101|0x0000000711400000, 0x0000000711400000, 0x0000000711600000|  0%| F|  |TAMS 0x0000000711400000| PB 0x0000000711400000| Untracked 
| 102|0x0000000711600000, 0x0000000711600000, 0x0000000711800000|  0%| F|  |TAMS 0x0000000711600000| PB 0x0000000711600000| Untracked 
| 103|0x0000000711800000, 0x0000000711800000, 0x0000000711a00000|  0%| F|  |TAMS 0x0000000711800000| PB 0x0000000711800000| Untracked 
| 104|0x0000000711a00000, 0x0000000711a00000, 0x0000000711c00000|  0%| F|  |TAMS 0x0000000711a00000| PB 0x0000000711a00000| Untracked 
| 105|0x0000000711c00000, 0x0000000711c00000, 0x0000000711e00000|  0%| F|  |TAMS 0x0000000711c00000| PB 0x0000000711c00000| Untracked 
| 106|0x0000000711e00000, 0x0000000711e00000, 0x0000000712000000|  0%| F|  |TAMS 0x0000000711e00000| PB 0x0000000711e00000| Untracked 
| 107|0x0000000712000000, 0x0000000712000000, 0x0000000712200000|  0%| F|  |TAMS 0x0000000712000000| PB 0x0000000712000000| Untracked 
| 108|0x0000000712200000, 0x0000000712200000, 0x0000000712400000|  0%| F|  |TAMS 0x0000000712200000| PB 0x0000000712200000| Untracked 
| 109|0x0000000712400000, 0x0000000712400000, 0x0000000712600000|  0%| F|  |TAMS 0x0000000712400000| PB 0x0000000712400000| Untracked 
| 110|0x0000000712600000, 0x0000000712600000, 0x0000000712800000|  0%| F|  |TAMS 0x0000000712600000| PB 0x0000000712600000| Untracked 
| 111|0x0000000712800000, 0x0000000712800000, 0x0000000712a00000|  0%| F|  |TAMS 0x0000000712800000| PB 0x0000000712800000| Untracked 
| 112|0x0000000712a00000, 0x0000000712a00000, 0x0000000712c00000|  0%| F|  |TAMS 0x0000000712a00000| PB 0x0000000712a00000| Untracked 
| 113|0x0000000712c00000, 0x0000000712c00000, 0x0000000712e00000|  0%| F|  |TAMS 0x0000000712c00000| PB 0x0000000712c00000| Untracked 
| 114|0x0000000712e00000, 0x0000000712e00000, 0x0000000713000000|  0%| F|  |TAMS 0x0000000712e00000| PB 0x0000000712e00000| Untracked 
| 115|0x0000000713000000, 0x0000000713000000, 0x0000000713200000|  0%| F|  |TAMS 0x0000000713000000| PB 0x0000000713000000| Untracked 
| 116|0x0000000713200000, 0x0000000713200000, 0x0000000713400000|  0%| F|  |TAMS 0x0000000713200000| PB 0x0000000713200000| Untracked 
| 117|0x0000000713400000, 0x0000000713400000, 0x0000000713600000|  0%| F|  |TAMS 0x0000000713400000| PB 0x0000000713400000| Untracked 
| 118|0x0000000713600000, 0x0000000713600000, 0x0000000713800000|  0%| F|  |TAMS 0x0000000713600000| PB 0x0000000713600000| Untracked 
| 119|0x0000000713800000, 0x0000000713800000, 0x0000000713a00000|  0%| F|  |TAMS 0x0000000713800000| PB 0x0000000713800000| Untracked 
| 120|0x0000000713a00000, 0x0000000713a00000, 0x0000000713c00000|  0%| F|  |TAMS 0x0000000713a00000| PB 0x0000000713a00000| Untracked 
| 121|0x0000000713c00000, 0x0000000713c00000, 0x0000000713e00000|  0%| F|  |TAMS 0x0000000713c00000| PB 0x0000000713c00000| Untracked 
| 122|0x0000000713e00000, 0x0000000714000000, 0x0000000714000000|100%| E|  |TAMS 0x0000000713e00000| PB 0x0000000713e00000| Complete 
| 123|0x0000000714000000, 0x0000000714200000, 0x0000000714200000|100%| E|CS|TAMS 0x0000000714000000| PB 0x0000000714000000| Complete 
| 124|0x0000000714200000, 0x0000000714400000, 0x0000000714400000|100%| E|CS|TAMS 0x0000000714200000| PB 0x0000000714200000| Complete 
| 125|0x0000000714400000, 0x0000000714600000, 0x0000000714600000|100%| E|CS|TAMS 0x0000000714400000| PB 0x0000000714400000| Complete 

Card table byte_map: [0x000001e7bd350000,0x000001e7bdb30000] _byte_map_base: 0x000001e7b9b2b000

Marking Bits: (CMBitMap*) 0x000001e7a57f9160
 Bits: [0x000001e7be310000, 0x000001e7c21e8000)

Polling page: 0x000001e7a3720000

Metaspace:

Usage:
  Non-class:      5.33 MB used.
      Class:    676.38 KB used.
       Both:      5.99 MB used.

Virtual space:
  Non-class space:       64.00 MB reserved,       5.38 MB (  8%) committed,  1 nodes.
      Class space:        1.00 GB reserved,     768.00 KB ( <1%) committed,  1 nodes.
             Both:        1.06 GB reserved,       6.12 MB ( <1%) committed. 

Chunk freelists:
   Non-Class:  2.31 MB
       Class:  3.24 MB
        Both:  5.55 MB

MaxMetaspaceSize: unlimited
CompressedClassSpaceSize: 1.00 GB
Initial GC threshold: 21.00 MB
Current GC threshold: 21.00 MB
CDS: on
MetaspaceReclaimPolicy: balanced
 - commit_granule_bytes: 65536.
 - commit_granule_words: 8192.
 - virtual_space_node_default_size: 8388608.
 - enlarge_chunks_in_place: 1.
 - new_chunks_are_fully_committed: 0.
 - uncommit_free_chunks: 1.
 - use_allocation_guard: 0.


Internal statistics:

num_allocs_failed_limit: 0.
num_arena_births: 140.
num_arena_deaths: 0.
num_vsnodes_births: 2.
num_vsnodes_deaths: 0.
num_space_committed: 98.
num_space_uncommitted: 0.
num_chunks_returned_to_freelist: 0.
num_chunks_taken_from_freelist: 182.
num_chunk_merges: 0.
num_chunk_splits: 106.
num_chunks_enlarged: 41.
num_inconsistent_stats: 0.

CodeHeap 'non-profiled nmethods': size=120000Kb used=225Kb max_used=225Kb free=119775Kb
 bounds [0x000001e7b5310000, 0x000001e7b5580000, 0x000001e7bc840000]
CodeHeap 'profiled nmethods': size=120000Kb used=1095Kb max_used=1095Kb free=118904Kb
 bounds [0x000001e7ad840000, 0x000001e7adab0000, 0x000001e7b4d70000]
CodeHeap 'non-nmethods': size=5760Kb used=1684Kb max_used=1698Kb free=4076Kb
 bounds [0x000001e7b4d70000, 0x000001e7b4fe0000, 0x000001e7b5310000]
 total_blobs=1358 nmethods=794 adapters=475
 compilation: enabled
              stopped_count=0, restarted_count=0
 full_count=0

Compilation events (20 events):
Event: 3.835 Thread 0x000001e7c4c45130  782   !   3       sun.awt.AWTAccessor::getSequencedEventAccessor (26 bytes)
Event: 3.835 Thread 0x000001e7c4c45130 nmethod 782 0x000001e7ad94e210 code [0x000001e7ad94e440, 0x000001e7ad94e9d8]
Event: 3.835 Thread 0x000001e7c4c45130  783   !   3       sun.awt.PostEventQueue::postEvent (81 bytes)
Event: 3.836 Thread 0x000001e7c4c45130 nmethod 783 0x000001e7ad94ed90 code [0x000001e7ad94f000, 0x000001e7ad94fc78]
Event: 3.974 Thread 0x000001e7c4c45130  784       3       AutomataSim::drawGrid (80 bytes)
Event: 3.974 Thread 0x000001e7c4c45130 nmethod 784 0x000001e7ad950190 code [0x000001e7ad9503a0, 0x000001e7ad950c48]
Event: 4.192 Thread 0x000001e7c4c45130  785       3       sun.java2d.pipe.Region::clipRound (34 bytes)
Event: 4.192 Thread 0x000001e7c4c45130 nmethod 785 0x000001e7ad950f10 code [0x000001e7ad9510e0, 0x000001e7ad951398]
Event: 4.333 Thread 0x000001e7c4c45130  787       3       java.awt.Component::getBackground (29 bytes)
Event: 4.334 Thread 0x000001e7c4c45130 nmethod 787 0x000001e7ad951490 code [0x000001e7ad951640, 0x000001e7ad951908]
Event: 4.334 Thread 0x000001e7c4c45130  788       1       sun.java2d.opengl.WGLGraphicsConfig::getNativeConfigInfo (5 bytes)
Event: 4.335 Thread 0x000001e7c4c45130 nmethod 788 0x000001e7b5347010 code [0x000001e7b5347180, 0x000001e7b5347248]
Event: 4.479 Thread 0x000001e7c4c45130  789       1       sun.awt.Win32GraphicsDevice::getDefaultScaleX (5 bytes)
Event: 4.479 Thread 0x000001e7c4c45130 nmethod 789 0x000001e7b5347310 code [0x000001e7b5347480, 0x000001e7b5347548]
Event: 4.479 Thread 0x000001e7c4c45130  790       1       sun.awt.Win32GraphicsDevice::getDefaultScaleY (5 bytes)
Event: 4.479 Thread 0x000001e7c4c45130 nmethod 790 0x000001e7b5347610 code [0x000001e7b5347780, 0x000001e7b5347848]
Event: 4.517 Thread 0x000001e7c4c45130  792       1       sun.java2d.pipe.RenderBuffer::getAddress (5 bytes)
Event: 4.517 Thread 0x000001e7c4c45130 nmethod 792 0x000001e7b5347d10 code [0x000001e7b5347e80, 0x000001e7b5347f48]
Event: 4.537 Thread 0x000001e7c4c45130  793       3       jdk.internal.misc.Unsafe::putReferenceOpaque (9 bytes)
Event: 4.537 Thread 0x000001e7c4c45130 nmethod 793 0x000001e7ad951a10 code [0x000001e7ad951ba0, 0x000001e7ad951d08]

GC Heap History (0 events):
No events

Dll operation events (6 events):
Event: 0.005 Loaded shared library C:\Program Files\Java\jdk-20\bin\java.dll
Event: 0.013 Loaded shared library C:\Program Files\Java\jdk-20\bin\jsvml.dll
Event: 0.052 Loaded shared library C:\Program Files\Java\jdk-20\bin\jimage.dll
Event: 0.063 Loaded shared library C:\Program Files\Java\jdk-20\bin\awt.dll
Event: 0.236 Loaded shared library C:\Program Files\Java\jdk-20\bin\freetype.dll
Event: 0.236 Loaded shared library C:\Program Files\Java\jdk-20\bin\fontmanager.dll

Deoptimization events (0 events):
No events

Classes loaded (20 events):
Event: 1.879 Loading class sun/awt/AWTAccessor$MouseEventAccessor done
Event: 1.879 Loading class java/awt/event/MouseEvent$1 done
Event: 1.879 Loading class java/awt/Cursor$CursorDisposer
Event: 1.880 Loading class java/awt/Cursor$CursorDisposer done
Event: 1.880 Loading class java/awt/Container$MouseEventTargetFilter
Event: 1.880 Loading class java/awt/Container$EventTargetFilter
Event: 1.880 Loading class java/awt/Container$EventTargetFilter done
Event: 1.880 Loading class java/awt/Container$MouseEventTargetFilter done
Event: 1.880 Loading class java/awt/LightweightDispatcher$1
Event: 1.880 Loading class java/awt/LightweightDispatcher$1 done
Event: 1.880 Loading class java/awt/event/AWTEventListenerProxy
Event: 1.880 Loading class java/awt/event/AWTEventListenerProxy done
Event: 1.880 Loading class java/awt/Toolkit$SelectiveAWTEventListener
Event: 1.880 Loading class java/awt/Toolkit$SelectiveAWTEventListener done
Event: 1.880 Loading class java/awt/Toolkit$ToolkitEventMulticaster
Event: 1.880 Loading class java/awt/Toolkit$ToolkitEventMulticaster done
Event: 1.880 Loading class java/awt/event/ContainerEvent
Event: 1.880 Loading class java/awt/event/ContainerEvent done
Event: 3.834 Loading class java/awt/LightweightDispatcher$2
Event: 3.834 Loading class java/awt/LightweightDispatcher$2 done

Classes unloaded (0 events):
No events

Classes redefined (0 events):
No events

Internal exceptions (11 events):
Event: 0.057 Thread 0x000001e7a5786e10 Exception <a 'java/lang/ClassNotFoundException'{0x00000007142850c0}: sun/awt/resources/spi/awtProvider> (0x00000007142850c0) 
thrown [s\open\src\hotspot\share\classfile\systemDictionary.cpp, line 305]
Event: 0.070 Thread 0x000001e7a5786e10 Exception <a 'java/io/FileNotFoundException'{0x00000007142e00f0}> (0x00000007142e00f0) 
thrown [s\open\src\hotspot\share\prims\jni.cpp, line 519]
Event: 0.073 Thread 0x000001e7a5786e10 Exception <a 'java/io/FileNotFoundException'{0x000000071430a368}> (0x000000071430a368) 
thrown [s\open\src\hotspot\share\prims\jni.cpp, line 519]
Event: 0.194 Thread 0x000001e7a5786e10 Exception <a 'java/lang/NoSuchMethodError'{0x00000007143a0fc8}: 'void java.lang.invoke.DirectMethodHandle$Holder.invokeSpecial(java.lang.Object, java.lang.Object, java.lang.Object)'> (0x00000007143a0fc8) 
thrown [s\open\src\hotspot\share\interpreter\linkResolver.cpp, line 773]
Event: 0.199 Thread 0x000001e7a5786e10 Exception <a 'java/lang/NoSuchMethodError'{0x00000007140ea4e8}: 'java.lang.Object java.lang.invoke.DirectMethodHandle$Holder.newInvokeSpecial(java.lang.Object, java.lang.Object, java.lang.Object, java.lang.Object, java.lang.Object)'> (0x00000007140ea4e8) 
thrown [s\open\src\hotspot\share\interpreter\linkResolver.cpp, line 773]
Event: 0.202 Thread 0x000001e7a5786e10 Exception <a 'java/lang/NoSuchMethodError'{0x000000071411ad90}: 'java.lang.Object java.lang.invoke.DirectMethodHandle$Holder.invokeStatic(java.lang.Object, int, java.lang.Object)'> (0x000000071411ad90) 
thrown [s\open\src\hotspot\share\interpreter\linkResolver.cpp, line 773]
Event: 0.214 Thread 0x000001e7a5786e10 Exception <a 'java/lang/ClassNotFoundException'{0x00000007141d60c8}: com/sun/swing/internal/plaf/metal/resources/spi/metalProvider> (0x00000007141d60c8) 
thrown [s\open\src\hotspot\share\classfile\systemDictionary.cpp, line 305]
Event: 0.215 Thread 0x000001e7a5786e10 Exception <a 'java/lang/ClassNotFoundException'{0x00000007141da0a8}: com/sun/swing/internal/plaf/basic/resources/spi/basicProvider> (0x00000007141da0a8) 
thrown [s\open\src\hotspot\share\classfile\systemDictionary.cpp, line 305]
Event: 0.220 Thread 0x000001e7a5786e10 Exception <a 'java/lang/NoSuchMethodError'{0x00000007141f9898}: 'int java.lang.invoke.Invokers$Holder.invokeExact_MT(java.lang.Object, java.lang.Object)'> (0x00000007141f9898) 
thrown [s\open\src\hotspot\share\interpreter\linkResolver.cpp, line 773]
Event: 0.230 Thread 0x000001e7ca792e40 Exception <a 'java/lang/NoSuchMethodError'{0x0000000714080e88}: 'void java.lang.invoke.DirectMethodHandle$Holder.invokeVirtual(java.lang.Object, java.lang.Object)'> (0x0000000714080e88) 
thrown [s\open\src\hotspot\share\interpreter\linkResolver.cpp, line 773]
Event: 0.233 Thread 0x000001e7a5786e10 Exception <a 'java/lang/NoSuchMethodError'{0x0000000713e15aa0}: 'void java.lang.invoke.DirectMethodHandle$Holder.invokeStaticInit(java.lang.Object)'> (0x0000000713e15aa0) 
thrown [s\open\src\hotspot\share\interpreter\linkResolver.cpp, line 773]

VM Operations (13 events):
Event: 0.167 Executing VM operation: HandshakeAllThreads
Event: 0.167 Executing VM operation: HandshakeAllThreads done
Event: 0.214 Executing VM operation: HandshakeAllThreads
Event: 0.214 Executing VM operation: HandshakeAllThreads done
Event: 1.227 Executing VM operation: Cleanup
Event: 1.227 Executing VM operation: Cleanup done
Event: 2.227 Executing VM operation: Cleanup
Event: 2.227 Executing VM operation: Cleanup done
Event: 3.227 Executing VM operation: Cleanup
Event: 3.227 Executing VM operation: Cleanup done
Event: 4.228 Executing VM operation: Cleanup
Event: 4.228 Executing VM operation: Cleanup done
Event: 4.638 Executing VM operation: Exit

Events (20 events):
Event: 0.023 Thread 0x000001e7c4c30670 Thread added: 0x000001e7c4c30670
Event: 0.023 Thread 0x000001e7c4c356f0 Thread added: 0x000001e7c4c356f0
Event: 0.023 Thread 0x000001e7c4c38230 Thread added: 0x000001e7c4c38230
Event: 0.024 Thread 0x000001e7c4c38e00 Thread added: 0x000001e7c4c38e00
Event: 0.024 Thread 0x000001e7c4c3b110 Thread added: 0x000001e7c4c3b110
Event: 0.024 Thread 0x000001e7c4c3c600 Thread added: 0x000001e7c4c3c600
Event: 0.024 Thread 0x000001e7c4c45130 Thread added: 0x000001e7c4c45130
Event: 0.037 Thread 0x000001e7c90fbac0 Thread added: 0x000001e7c90fbac0
Event: 0.039 Thread 0x000001e7c912b8e0 Thread added: 0x000001e7c912b8e0
Event: 0.098 Thread 0x000001e7c934cdf0 Thread added: 0x000001e7c934cdf0
Event: 0.177 Thread 0x000001e7ca783290 Thread added: 0x000001e7ca783290
Event: 0.179 Thread 0x000001e7c93d56c0 Thread added: 0x000001e7c93d56c0
Event: 0.180 Thread 0x000001e7ca792e40 Thread added: 0x000001e7ca792e40
Event: 0.230 Thread 0x000001e7ca7dc640 Thread added: 0x000001e7ca7dc640
Event: 0.268 Thread 0x000001e7ca8448c0 Thread added: 0x000001e7ca8448c0
Event: 0.269 Thread 0x000001e7a5786e10 Thread exited: 0x000001e7a5786e10
Event: 0.269 Thread 0x000001e7a5786e10 Thread added: 0x000001e7a5786e10
Event: 4.537 Thread 0x000001e7ca86edd0 Thread added: 0x000001e7ca86edd0
Event: 4.552 Thread 0x000001e7ca792e40 Thread exited: 0x000001e7ca792e40
Event: 4.638 Thread 0x000001e7ca86edd0 Thread exited: 0x000001e7ca86edd0


Dynamic libraries:
0x00007ff7d66f0000 - 0x00007ff7d6700000 	C:\Program Files\Java\jdk-20\bin\java.exe
0x00007ffe2eb30000 - 0x00007ffe2ed44000 	C:\Windows\SYSTEM32\ntdll.dll
0x00007ffe2e900000 - 0x00007ffe2e9c2000 	C:\Windows\System32\KERNEL32.DLL
0x00007ffe2c500000 - 0x00007ffe2c8a3000 	C:\Windows\System32\KERNELBASE.dll
0x00007ffe2c200000 - 0x00007ffe2c311000 	C:\Windows\System32\ucrtbase.dll
0x00007ffe1eca0000 - 0x00007ffe1ecb9000 	C:\Program Files\Java\jdk-20\bin\jli.dll
0x00007ffe16000000 - 0x00007ffe1601b000 	C:\Program Files\Java\jdk-20\bin\VCRUNTIME140.dll
0x00007ffe2dc70000 - 0x00007ffe2dd1e000 	C:\Windows\System32\ADVAPI32.dll
0x00007ffe2dbc0000 - 0x00007ffe2dc67000 	C:\Windows\System32\msvcrt.dll
0x00007ffe2db10000 - 0x00007ffe2dbb4000 	C:\Windows\System32\sechost.dll
0x00007ffe2d2e0000 - 0x00007ffe2d3f7000 	C:\Windows\System32\RPCRT4.dll
0x00007ffe2dd20000 - 0x00007ffe2decb000 	C:\Windows\System32\USER32.dll
0x00007ffe2c130000 - 0x00007ffe2c156000 	C:\Windows\System32\win32u.dll
0x00007ffe2e9d0000 - 0x00007ffe2e9f9000 	C:\Windows\System32\GDI32.dll
0x00007ffdfe210000 - 0x00007ffdfe49e000 	C:\Windows\WinSxS\amd64_microsoft.windows.common-controls_6595b64144ccf1df_6.0.22621.1635_none_270f70857386168e\COMCTL32.dll
0x00007ffe2c010000 - 0x00007ffe2c128000 	C:\Windows\System32\gdi32full.dll
0x00007ffe2c160000 - 0x00007ffe2c1fa000 	C:\Windows\System32\msvcp_win.dll
0x00007ffe25a50000 - 0x00007ffe25a5a000 	C:\Windows\SYSTEM32\VERSION.dll
0x00007ffe2da80000 - 0x00007ffe2dab1000 	C:\Windows\System32\IMM32.DLL
0x00007ffe261a0000 - 0x00007ffe261ac000 	C:\Program Files\Java\jdk-20\bin\vcruntime140_1.dll
0x00007ffdf59d0000 - 0x00007ffdf5a5e000 	C:\Program Files\Java\jdk-20\bin\msvcp140.dll
0x00007ffda88f0000 - 0x00007ffda9587000 	C:\Program Files\Java\jdk-20\bin\server\jvm.dll
0x00007ffe15db0000 - 0x00007ffe15db9000 	C:\Windows\SYSTEM32\WSOCK32.dll
0x00007ffe24cb0000 - 0x00007ffe24ce4000 	C:\Windows\SYSTEM32\WINMM.dll
0x00007ffe2d5a0000 - 0x00007ffe2d611000 	C:\Windows\System32\WS2_32.dll
0x00007ffe2b050000 - 0x00007ffe2b068000 	C:\Windows\SYSTEM32\kernel.appcore.dll
0x00007ffe21890000 - 0x00007ffe2189a000 	C:\Program Files\Java\jdk-20\bin\jimage.dll
0x00007ffe1d480000 - 0x00007ffe1d6ae000 	C:\Windows\SYSTEM32\DBGHELP.DLL
0x00007ffe2e0f0000 - 0x00007ffe2e479000 	C:\Windows\System32\combase.dll
0x00007ffe2ea00000 - 0x00007ffe2ead7000 	C:\Windows\System32\OLEAUT32.dll
0x00007ffe1da00000 - 0x00007ffe1da32000 	C:\Windows\SYSTEM32\dbgcore.DLL
0x00007ffe2c8b0000 - 0x00007ffe2c92b000 	C:\Windows\System32\bcryptPrimitives.dll
0x00007ffdfa6b0000 - 0x00007ffdfa6d6000 	C:\Program Files\Java\jdk-20\bin\java.dll
0x00007ffdf58f0000 - 0x00007ffdf59c7000 	C:\Program Files\Java\jdk-20\bin\jsvml.dll
0x00007ffe2c930000 - 0x00007ffe2d12a000 	C:\Windows\System32\SHELL32.dll
0x00007ffe29f10000 - 0x00007ffe2a7de000 	C:\Windows\SYSTEM32\windows.storage.dll
0x00007ffe29dd0000 - 0x00007ffe29f0e000 	C:\Windows\SYSTEM32\wintypes.dll
0x00007ffe2d130000 - 0x00007ffe2d221000 	C:\Windows\System32\SHCORE.dll
0x00007ffe2d970000 - 0x00007ffe2d9ce000 	C:\Windows\System32\shlwapi.dll
0x00007ffe2be80000 - 0x00007ffe2bea1000 	C:\Windows\SYSTEM32\profapi.dll
0x00007ffdf5750000 - 0x00007ffdf58e1000 	C:\Program Files\Java\jdk-20\bin\awt.dll
0x00007ffe29260000 - 0x00007ffe292f7000 	C:\Windows\SYSTEM32\apphelp.dll
0x00007ffdfddf0000 - 0x00007ffdfdef0000 	C:\Windows\system32\opengl32.dll
0x00007ffdff4e0000 - 0x00007ffdff50d000 	C:\Windows\SYSTEM32\GLU32.dll
0x00007ffe29710000 - 0x00007ffe29746000 	C:\Windows\SYSTEM32\dxcore.dll
0x00007ffe296a0000 - 0x00007ffe296cb000 	C:\Windows\system32\DWMAPI.DLL
0x00007ffe29410000 - 0x00007ffe294bb000 	C:\Windows\system32\uxtheme.dll
0x00007ffe2d460000 - 0x00007ffe2d57e000 	C:\Windows\System32\MSCTF.dll
0x00007ffe26040000 - 0x00007ffe26088000 	C:\Windows\SYSTEM32\directxdatabasehelper.dll
0x00007ffe2d9d0000 - 0x00007ffe2da80000 	C:\Windows\System32\clbcatq.dll
0x00007ffd927a0000 - 0x00007ffd9371e000 	C:\Windows\System32\DriverStore\FileRepository\iigd_dch.inf_amd64_1e337392796c5fc9\ig12icd64.dll
0x00007ffe2d620000 - 0x00007ffe2d7bc000 	C:\Windows\System32\ole32.dll
0x00007ffe29590000 - 0x00007ffe29686000 	C:\Windows\system32\dxgi.dll
0x00007ffdef870000 - 0x00007ffdefc5b000 	C:\Windows\System32\DriverStore\FileRepository\iigd_dch.inf_amd64_1e337392796c5fc9\igdml64.dll
0x00007ffe227c0000 - 0x00007ffe22a88000 	C:\Windows\System32\DriverStore\FileRepository\iigd_dch.inf_amd64_1e337392796c5fc9\igdgmm64.dll
0x00007ffe1a230000 - 0x00007ffe1cde6000 	C:\Windows\System32\DriverStore\FileRepository\iigd_dch.inf_amd64_1e337392796c5fc9\igc64.dll
0x00007ffe2ae20000 - 0x00007ffe2ae6d000 	C:\Windows\SYSTEM32\powrprof.dll
0x00007ffe2ae00000 - 0x00007ffe2ae13000 	C:\Windows\SYSTEM32\UMPDC.dll
0x00007ffdf3af0000 - 0x00007ffdf3b76000 	C:\Program Files\Java\jdk-20\bin\freetype.dll
0x00007ffdf2350000 - 0x00007ffdf2416000 	C:\Program Files\Java\jdk-20\bin\fontmanager.dll
0x00007ffe07080000 - 0x00007ffe071ad000 	C:\Windows\SYSTEM32\textinputframework.dll
0x00007ffdfb2d0000 - 0x00007ffdfb339000 	C:\Windows\system32\Oleacc.dll
0x00007ffe28740000 - 0x00007ffe28873000 	C:\Windows\SYSTEM32\CoreMessaging.dll
0x00007ffe25180000 - 0x00007ffe254ec000 	C:\Windows\SYSTEM32\CoreUIComponents.dll
0x00007ffe2b7b0000 - 0x00007ffe2b7bc000 	C:\Windows\SYSTEM32\CRYPTBASE.DLL

dbghelp: loaded successfully - version: 4.0.5 - missing functions: none
symbol engine: initialized successfully - sym options: 0x614 - pdb path: .;C:\Program Files\Java\jdk-20\bin;C:\Windows\SYSTEM32;C:\Windows\WinSxS\amd64_microsoft.windows.common-controls_6595b64144ccf1df_6.0.22621.1635_none_270f70857386168e;C:\Program Files\Java\jdk-20\bin\server;C:\Windows\System32\DriverStore\FileRepository\iigd_dch.inf_amd64_1e337392796c5fc9

VM Arguments:
jvm_args: --enable-preview -XX:+ShowCodeDetailsInExceptionMessages 
java_command: Main
java_class_path (initial): C:\Users\2409h\AppData\Roaming\Code\User\workspaceStorage\d3f48c0c6b845c0e033d970fc0428038\redhat.java\jdt_ws\automata_1339cab8\bin
Launcher Type: SUN_STANDARD

[Global flags]
     intx CICompilerCount                          = 4                                         {product} {ergonomic}
     uint ConcGCThreads                            = 2                                         {product} {ergonomic}
     uint G1ConcRefinementThreads                  = 8                                         {product} {ergonomic}
   size_t G1HeapRegionSize                         = 2097152                                   {product} {ergonomic}
    uintx GCDrainStackTargetSize                   = 64                                        {product} {ergonomic}
   size_t InitialHeapSize                          = 264241152                                 {product} {ergonomic}
   size_t MarkStackSize                            = 4194304                                   {product} {ergonomic}
   size_t MaxHeapSize                              = 4217372672                                {product} {ergonomic}
   size_t MaxNewSize                               = 2529165312                                {product} {ergonomic}
   size_t MinHeapDeltaBytes                        = 2097152                                   {product} {ergonomic}
   size_t MinHeapSize                              = 8388608                                   {product} {ergonomic}
    uintx NonNMethodCodeHeapSize                   = 5839372                                {pd product} {ergonomic}
    uintx NonProfiledCodeHeapSize                  = 122909434                              {pd product} {ergonomic}
     bool PerfDisableSharedMem                     = true                                      {product} {ergonomic}
    uintx ProfiledCodeHeapSize                     = 122909434                              {pd product} {ergonomic}
    uintx ReservedCodeCacheSize                    = 251658240                              {pd product} {ergonomic}
     bool SegmentedCodeCache                       = true                                      {product} {ergonomic}
     bool ShowCodeDetailsInExceptionMessages       = true                                   {manageable} {command line}
   size_t SoftMaxHeapSize                          = 4217372672                             {manageable} {ergonomic}
     bool UseCompressedClassPointers               = true                           {product lp64_product} {ergonomic}
     bool UseCompressedOops                        = true                           {product lp64_product} {ergonomic}
     bool UseG1GC                                  = true                                      {product} {ergonomic}
     bool UseLargePagesIndividualAllocation        = false                                  {pd product} {ergonomic}

Logging:
Log output configuration:
 #0: stdout all=off uptime,level,tags foldmultilines=false
 #1: stderr all=off uptime,level,tags foldmultilines=false

Environment Variables:
PATH=C:\Program Files\Common Files\Oracle\Java\javapath;C:\Program Files (x86)\Common Files\Oracle\Java\javapath;C:\Windows\system32;C:\Windows;C:\Windows\System32\Wbem;C:\Windows\System32\WindowsPowerShell\v1.0\;C:\Windows\System32\OpenSSH\;C:\Program Files\Git\cmd;C:\MinGW\bin;C:\Program Files\Java\jdk-20\bin;C:\Users\2409h\AppData\Local\Packages\PythonSoftwareFoundation.Python.3.11_qbz5n2kfra8p0\LocalCache\local-packages\Python311\Scripts;C:\Users\2409h\AppData\Local\Programs\Python\Python311\Scripts\;C:\Users\2409h\AppData\Local\Programs\Python\Python311\;C:\Users\2409h\AppData\Local\Microsoft\WindowsApps;;C:\Users\2409h\AppData\Local\Programs\Microsoft VS Code\bin
USERNAME=2409h
LANG=en_US.UTF-8
OS=Windows_NT
PROCESSOR_IDENTIFIER=Intel64 Family 6 Model 140 Stepping 2, GenuineIntel
TMP=C:\Users\2409h\AppData\Local\Temp
TEMP=C:\Users\2409h\AppData\Local\Temp




---------------  S Y S T E M  ---------------

OS:
 Windows 11 , 64 bit Build 22621 (10.0.22621.1635)
OS uptime: 3 days 23:14 hours
Hyper-V role detected

CPU: total 8 (initial active 8) (4 cores per cpu, 2 threads per core) family 6 model 140 stepping 2 microcode 0x16, cx8, cmov, fxsr, ht, mmx, 3dnowpref, sse, sse2, sse3, ssse3, sse4.1, sse4.2, popcnt, lzcnt, tsc, tscinvbit, avx, avx2, aes, erms, clmul, bmi1, bmi2, adx, avx512f, avx512dq, avx512cd, avx512bw, avx512vl, sha, fma, vzeroupper, avx512_vpopcntdq, avx512_vpclmulqdq, avx512_vaes, avx512_vnni, clflush, clflushopt, clwb, avx512_vbmi2, avx512_vbmi, hv, rdtscp, rdpid, fsrm, gfni, avx512_bitalg, f16c, cet_ibt, cet_ss, avx512_ifma

Memory: 4k page, system-wide physical 16085M (5716M free)
TotalPageFile size 19029M (AvailPageFile size 5044M)
current process WorkingSet (physical memory assigned to process): 162M, peak: 181M
current process commit charge ("private bytes"): 418M, peak: 434M

vm_info: Java HotSpot(TM) 64-Bit Server VM (20.0.1+9-29) for windows-amd64 JRE (20.0.1+9-29), built on 2023-03-07T13:56:11Z by "mach5one" with MS VC++ 17.1 (VS2022)

END.
